<?xml version="1.0" encoding="UTF-8"?>
<!-- Generated by org.testng.reporters.JUnitReportReporter -->
<testsuite hostname="acer-PC" name="com.day01.mavenproject.Amazon_search" tests="3" failures="0" timestamp="27 May 2018 11:43:33 GMT" time="21.300" errors="0">
  <testcase name="Get_productlist" time="2.352" classname="com.day01.mavenproject.Amazon_search"/>
  <testcase name="navigate_url" time="10.938" classname="com.day01.mavenproject.Amazon_search"/>
  <testcase name="Search_product" time="8.010" classname="com.day01.mavenproject.Amazon_search"/>
</testsuite> <!-- com.day01.mavenproject.Amazon_search -->
