<?xml version="1.0" encoding="UTF-8"?>
<!-- Generated by org.testng.reporters.JUnitReportReporter -->
<testsuite hostname="CDC5-D-DGPQFD2" name="com.day01.mavenproject.Amazon_search_Test" tests="3" failures="0" timestamp="4 Jun 2018 10:11:30 GMT" time="16.322" errors="0">
  <testcase name="Search_product" time="6.179" classname="com.day01.mavenproject.Amazon_search_Test"/>
  <testcase name="navigate_url" time="9.578" classname="com.day01.mavenproject.Amazon_search_Test"/>
  <testcase name="Get_productlist" time="0.565" classname="com.day01.mavenproject.Amazon_search_Test"/>
</testsuite> <!-- com.day01.mavenproject.Amazon_search_Test -->
